[debug] [2021-12-03T23:30:21.948Z] ----------------------------------------------------------------------
[debug] [2021-12-03T23:30:21.951Z] Command:       C:\Program Files\nodejs\node.exe C:\Users\Zgot\AppData\Roaming\npm\node_modules\firebase-tools\lib\bin\firebase.js deploy
[debug] [2021-12-03T23:30:21.952Z] CLI Version:   9.23.0
[debug] [2021-12-03T23:30:21.952Z] Platform:      win32
[debug] [2021-12-03T23:30:21.952Z] Node Version:  v14.17.3
[debug] [2021-12-03T23:30:21.952Z] Time:          Sat Dec 04 2021 03:30:21 GMT+0400 (Самарское стандартное время)
[debug] [2021-12-03T23:30:21.953Z] ----------------------------------------------------------------------
[debug] 
[debug] [2021-12-03T23:30:21.996Z] > command requires scopes: ["email","openid","https://www.googleapis.com/auth/cloudplatformprojects.readonly","https://www.googleapis.com/auth/firebase","https://www.googleapis.com/auth/cloud-platform"]
[debug] [2021-12-03T23:30:21.996Z] > authorizing via signed-in user (vlatidos@gmail.com)
[debug] [2021-12-03T23:30:21.996Z] [iam] checking project inclusive-test for permissions ["cloudfunctions.functions.create","cloudfunctions.functions.delete","cloudfunctions.functions.get","cloudfunctions.functions.list","cloudfunctions.functions.update","cloudfunctions.operations.get","firebase.projects.get","firebasehosting.sites.update"]
[debug] [2021-12-03T23:30:21.998Z] > refreshing access token with scopes: ["email","https://www.googleapis.com/auth/cloud-platform","https://www.googleapis.com/auth/cloudplatformprojects.readonly","https://www.googleapis.com/auth/firebase","openid"]
[debug] [2021-12-03T23:30:21.998Z] >>> HTTP REQUEST POST https://www.googleapis.com/oauth2/v3/token  
 <request body omitted>
[debug] [2021-12-03T23:30:22.126Z] <<< HTTP RESPONSE 200 {"cache-control":"no-cache, no-store, max-age=0, must-revalidate","date":"Fri, 03 Dec 2021 23:31:14 GMT","pragma":"no-cache","expires":"Mon, 01 Jan 1990 00:00:00 GMT","content-type":"application/json; charset=utf-8","vary":"X-Origin, Referer, Origin,Accept-Encoding","server":"scaffolding on HTTPServer2","x-xss-protection":"0","x-frame-options":"SAMEORIGIN","x-content-type-options":"nosniff","alt-svc":"h3=\":443\"; ma=2592000,h3-29=\":443\"; ma=2592000,h3-Q050=\":443\"; ma=2592000,h3-Q046=\":443\"; ma=2592000,h3-Q043=\":443\"; ma=2592000,quic=\":443\"; ma=2592000; v=\"46,43\"","accept-ranges":"none","transfer-encoding":"chunked"}
[debug] [2021-12-03T23:30:22.133Z] >>> HTTP REQUEST POST https://cloudresourcemanager.googleapis.com/v1/projects/inclusive-test:testIamPermissions  
 {"permissions":["cloudfunctions.functions.create","cloudfunctions.functions.delete","cloudfunctions.functions.get","cloudfunctions.functions.list","cloudfunctions.functions.update","cloudfunctions.operations.get","firebase.projects.get","firebasehosting.sites.update"]}
[debug] [2021-12-03T23:30:22.976Z] <<< HTTP RESPONSE 200 {"content-type":"application/json; charset=UTF-8","vary":"X-Origin, Referer, Origin,Accept-Encoding","date":"Fri, 03 Dec 2021 23:31:15 GMT","server":"ESF","cache-control":"private","x-xss-protection":"0","x-frame-options":"SAMEORIGIN","x-content-type-options":"nosniff","server-timing":"gfet4t7; dur=713","alt-svc":"h3=\":443\"; ma=2592000,h3-29=\":443\"; ma=2592000,h3-Q050=\":443\"; ma=2592000,h3-Q046=\":443\"; ma=2592000,h3-Q043=\":443\"; ma=2592000,quic=\":443\"; ma=2592000; v=\"46,43\"","accept-ranges":"none","transfer-encoding":"chunked"}
[debug] [2021-12-03T23:30:22.976Z] >>> HTTP REQUEST POST https://iam.googleapis.com/v1/projects/inclusive-test/serviceAccounts/inclusive-test@appspot.gserviceaccount.com:testIamPermissions  
 {"permissions":["iam.serviceAccounts.actAs"]}
[debug] [2021-12-03T23:30:23.763Z] <<< HTTP RESPONSE 200 {"content-type":"application/json; charset=UTF-8","vary":"X-Origin, Referer, Origin,Accept-Encoding","date":"Fri, 03 Dec 2021 23:31:16 GMT","server":"ESF","cache-control":"private","x-xss-protection":"0","x-frame-options":"SAMEORIGIN","x-content-type-options":"nosniff","alt-svc":"h3=\":443\"; ma=2592000,h3-29=\":443\"; ma=2592000,h3-Q050=\":443\"; ma=2592000,h3-Q046=\":443\"; ma=2592000,h3-Q043=\":443\"; ma=2592000,quic=\":443\"; ma=2592000; v=\"46,43\"","accept-ranges":"none","transfer-encoding":"chunked"}
[debug] [2021-12-03T23:30:23.764Z] > refreshing access token with scopes: []
[debug] [2021-12-03T23:30:23.764Z] >>> HTTP REQUEST POST https://www.googleapis.com/oauth2/v3/token  
 <request body omitted>
[debug] [2021-12-03T23:30:23.886Z] <<< HTTP RESPONSE 200 {"cache-control":"no-cache, no-store, max-age=0, must-revalidate","date":"Fri, 03 Dec 2021 23:31:16 GMT","pragma":"no-cache","expires":"Mon, 01 Jan 1990 00:00:00 GMT","content-type":"application/json; charset=utf-8","vary":"X-Origin, Referer, Origin,Accept-Encoding","server":"scaffolding on HTTPServer2","x-xss-protection":"0","x-frame-options":"SAMEORIGIN","x-content-type-options":"nosniff","alt-svc":"h3=\":443\"; ma=2592000,h3-29=\":443\"; ma=2592000,h3-Q050=\":443\"; ma=2592000,h3-Q046=\":443\"; ma=2592000,h3-Q043=\":443\"; ma=2592000,quic=\":443\"; ma=2592000; v=\"46,43\"","accept-ranges":"none","transfer-encoding":"chunked"}
[debug] [2021-12-03T23:30:23.893Z] >>> [apiv2][query] GET https://firebase.googleapis.com/v1beta1/projects/inclusive-test [none]
[debug] [2021-12-03T23:30:24.277Z] <<< [apiv2][status] GET https://firebase.googleapis.com/v1beta1/projects/inclusive-test 200
[debug] [2021-12-03T23:30:24.278Z] <<< [apiv2][body] GET https://firebase.googleapis.com/v1beta1/projects/inclusive-test {"projectId":"inclusive-test","projectNumber":"441293072662","displayName":"Logogo-test","name":"projects/inclusive-test","resources":{"hostingSite":"inclusive-test","realtimeDatabaseInstance":"inclusive-test","storageBucket":"inclusive-test.appspot.com","locationId":"europe-west"},"state":"ACTIVE"}
[info] 
[info] === Deploying to 'inclusive-test'...
[info] 
[info] i  deploying functions, hosting 
[debug] [2021-12-03T23:30:24.280Z] Validating nodejs source
[debug] [2021-12-03T23:30:27.142Z] > [functions] package.json contents: {
  "name": "functions",
  "description": "Cloud Functions for Firebase",
  "scripts": {
    "serve": "firebase emulators:start --only functions",
    "shell": "firebase functions:shell",
    "start": "npm run shell",
    "deploy": "firebase deploy --only functions",
    "logs": "firebase functions:log"
  },
  "engines": {
    "node": "10"
  },
  "main": "index.js",
  "dependencies": {
    "@angular/fire": "^6.0.4",
    "@sendgrid/mail": "^7.6.0",
    "cors": "^2.8.5",
    "firebase": "^9.5.0",
    "firebase-admin": "^9.12.0",
    "firebase-functions": "^3.16.0"
  },
  "devDependencies": {
    "firebase-functions-test": "^0.2.0"
  },
  "private": true
}
[debug] [2021-12-03T23:30:27.142Z] Building nodejs source
[info] i  functions: ensuring required API cloudfunctions.googleapis.com is enabled... 
[debug] [2021-12-03T23:30:27.143Z] > refreshing access token with scopes: ["email","https://www.googleapis.com/auth/cloud-platform","https://www.googleapis.com/auth/cloudplatformprojects.readonly","https://www.googleapis.com/auth/firebase","openid"]
[debug] [2021-12-03T23:30:27.143Z] >>> HTTP REQUEST POST https://www.googleapis.com/oauth2/v3/token  
 <request body omitted>
[debug] [2021-12-03T23:30:27.143Z] > refreshing access token with scopes: ["email","https://www.googleapis.com/auth/cloud-platform","https://www.googleapis.com/auth/cloudplatformprojects.readonly","https://www.googleapis.com/auth/firebase","openid"]
[debug] [2021-12-03T23:30:27.143Z] >>> HTTP REQUEST POST https://www.googleapis.com/oauth2/v3/token  
 <request body omitted>
[info] i  functions: ensuring required API cloudbuild.googleapis.com is enabled... 
[debug] [2021-12-03T23:30:27.144Z] > refreshing access token with scopes: ["email","https://www.googleapis.com/auth/cloud-platform","https://www.googleapis.com/auth/cloudplatformprojects.readonly","https://www.googleapis.com/auth/firebase","openid"]
[debug] [2021-12-03T23:30:27.144Z] >>> HTTP REQUEST POST https://www.googleapis.com/oauth2/v3/token  
 <request body omitted>
[info] i  functions: ensuring required API artifactregistry.googleapis.com is enabled... 
[debug] [2021-12-03T23:30:27.145Z] > refreshing access token with scopes: ["email","https://www.googleapis.com/auth/cloud-platform","https://www.googleapis.com/auth/cloudplatformprojects.readonly","https://www.googleapis.com/auth/firebase","openid"]
[debug] [2021-12-03T23:30:27.145Z] >>> HTTP REQUEST POST https://www.googleapis.com/oauth2/v3/token  
 <request body omitted>
[debug] [2021-12-03T23:30:27.248Z] <<< HTTP RESPONSE 200 {"date":"Fri, 03 Dec 2021 23:31:19 GMT","expires":"Mon, 01 Jan 1990 00:00:00 GMT","pragma":"no-cache","cache-control":"no-cache, no-store, max-age=0, must-revalidate","content-type":"application/json; charset=utf-8","vary":"X-Origin, Referer, Origin,Accept-Encoding","server":"scaffolding on HTTPServer2","x-xss-protection":"0","x-frame-options":"SAMEORIGIN","x-content-type-options":"nosniff","alt-svc":"h3=\":443\"; ma=2592000,h3-29=\":443\"; ma=2592000,h3-Q050=\":443\"; ma=2592000,h3-Q046=\":443\"; ma=2592000,h3-Q043=\":443\"; ma=2592000,quic=\":443\"; ma=2592000; v=\"46,43\"","accept-ranges":"none","transfer-encoding":"chunked"}
[debug] [2021-12-03T23:30:27.254Z] >>> HTTP REQUEST GET https://serviceusage.googleapis.com/v1/projects/inclusive-test/services/cloudfunctions.googleapis.com  
 
[debug] [2021-12-03T23:30:27.258Z] <<< HTTP RESPONSE 200 {"cache-control":"no-cache, no-store, max-age=0, must-revalidate","pragma":"no-cache","date":"Fri, 03 Dec 2021 23:31:19 GMT","expires":"Mon, 01 Jan 1990 00:00:00 GMT","content-type":"application/json; charset=utf-8","vary":"X-Origin, Referer, Origin,Accept-Encoding","server":"scaffolding on HTTPServer2","x-xss-protection":"0","x-frame-options":"SAMEORIGIN","x-content-type-options":"nosniff","alt-svc":"h3=\":443\"; ma=2592000,h3-29=\":443\"; ma=2592000,h3-Q050=\":443\"; ma=2592000,h3-Q046=\":443\"; ma=2592000,h3-Q043=\":443\"; ma=2592000,quic=\":443\"; ma=2592000; v=\"46,43\"","accept-ranges":"none","transfer-encoding":"chunked"}
[debug] [2021-12-03T23:30:27.263Z] >>> HTTP REQUEST GET https://serviceusage.googleapis.com/v1/projects/inclusive-test/services/runtimeconfig.googleapis.com  
 
[debug] [2021-12-03T23:30:27.264Z] <<< HTTP RESPONSE 200 {"pragma":"no-cache","date":"Fri, 03 Dec 2021 23:31:19 GMT","expires":"Mon, 01 Jan 1990 00:00:00 GMT","cache-control":"no-cache, no-store, max-age=0, must-revalidate","content-type":"application/json; charset=utf-8","vary":"X-Origin, Referer, Origin,Accept-Encoding","server":"scaffolding on HTTPServer2","x-xss-protection":"0","x-frame-options":"SAMEORIGIN","x-content-type-options":"nosniff","alt-svc":"h3=\":443\"; ma=2592000,h3-29=\":443\"; ma=2592000,h3-Q050=\":443\"; ma=2592000,h3-Q046=\":443\"; ma=2592000,h3-Q043=\":443\"; ma=2592000,quic=\":443\"; ma=2592000; v=\"46,43\"","accept-ranges":"none","transfer-encoding":"chunked"}
[debug] [2021-12-03T23:30:27.269Z] >>> HTTP REQUEST GET https://serviceusage.googleapis.com/v1/projects/inclusive-test/services/artifactregistry.googleapis.com  
 
[debug] [2021-12-03T23:30:27.270Z] <<< HTTP RESPONSE 200 {"expires":"Mon, 01 Jan 1990 00:00:00 GMT","cache-control":"no-cache, no-store, max-age=0, must-revalidate","date":"Fri, 03 Dec 2021 23:31:19 GMT","pragma":"no-cache","content-type":"application/json; charset=utf-8","vary":"X-Origin, Referer, Origin,Accept-Encoding","server":"scaffolding on HTTPServer2","x-xss-protection":"0","x-frame-options":"SAMEORIGIN","x-content-type-options":"nosniff","alt-svc":"h3=\":443\"; ma=2592000,h3-29=\":443\"; ma=2592000,h3-Q050=\":443\"; ma=2592000,h3-Q046=\":443\"; ma=2592000,h3-Q043=\":443\"; ma=2592000,quic=\":443\"; ma=2592000; v=\"46,43\"","accept-ranges":"none","transfer-encoding":"chunked"}
[debug] [2021-12-03T23:30:27.274Z] >>> HTTP REQUEST GET https://serviceusage.googleapis.com/v1/projects/inclusive-test/services/cloudbuild.googleapis.com  
 
[debug] [2021-12-03T23:30:28.325Z] <<< HTTP RESPONSE 200 {"content-type":"application/json; charset=UTF-8","vary":"X-Origin, Referer, Origin,Accept-Encoding","date":"Fri, 03 Dec 2021 23:31:20 GMT","server":"ESF","cache-control":"private","x-xss-protection":"0","x-frame-options":"SAMEORIGIN","x-content-type-options":"nosniff","alt-svc":"h3=\":443\"; ma=2592000,h3-29=\":443\"; ma=2592000,h3-Q050=\":443\"; ma=2592000,h3-Q046=\":443\"; ma=2592000,h3-Q043=\":443\"; ma=2592000,quic=\":443\"; ma=2592000; v=\"46,43\"","accept-ranges":"none","transfer-encoding":"chunked"}
[debug] [2021-12-03T23:30:28.351Z] <<< HTTP RESPONSE 200 {"content-type":"application/json; charset=UTF-8","vary":"X-Origin, Referer, Origin,Accept-Encoding","date":"Fri, 03 Dec 2021 23:31:20 GMT","server":"ESF","cache-control":"private","x-xss-protection":"0","x-frame-options":"SAMEORIGIN","x-content-type-options":"nosniff","alt-svc":"h3=\":443\"; ma=2592000,h3-29=\":443\"; ma=2592000,h3-Q050=\":443\"; ma=2592000,h3-Q046=\":443\"; ma=2592000,h3-Q043=\":443\"; ma=2592000,quic=\":443\"; ma=2592000; v=\"46,43\"","accept-ranges":"none","transfer-encoding":"chunked"}
[info] +  functions: required API artifactregistry.googleapis.com is enabled 
[debug] [2021-12-03T23:30:28.374Z] <<< HTTP RESPONSE 200 {"content-type":"application/json; charset=UTF-8","vary":"X-Origin, Referer, Origin,Accept-Encoding","date":"Fri, 03 Dec 2021 23:31:20 GMT","server":"ESF","cache-control":"private","x-xss-protection":"0","x-frame-options":"SAMEORIGIN","x-content-type-options":"nosniff","alt-svc":"h3=\":443\"; ma=2592000,h3-29=\":443\"; ma=2592000,h3-Q050=\":443\"; ma=2592000,h3-Q046=\":443\"; ma=2592000,h3-Q043=\":443\"; ma=2592000,quic=\":443\"; ma=2592000; v=\"46,43\"","accept-ranges":"none","transfer-encoding":"chunked"}
[info] +  functions: required API cloudbuild.googleapis.com is enabled 
[debug] [2021-12-03T23:30:28.434Z] <<< HTTP RESPONSE 200 {"content-type":"application/json; charset=UTF-8","vary":"X-Origin, Referer, Origin,Accept-Encoding","date":"Fri, 03 Dec 2021 23:31:20 GMT","server":"ESF","cache-control":"private","x-xss-protection":"0","x-frame-options":"SAMEORIGIN","x-content-type-options":"nosniff","alt-svc":"h3=\":443\"; ma=2592000,h3-29=\":443\"; ma=2592000,h3-Q050=\":443\"; ma=2592000,h3-Q046=\":443\"; ma=2592000,h3-Q043=\":443\"; ma=2592000,quic=\":443\"; ma=2592000; v=\"46,43\"","accept-ranges":"none","transfer-encoding":"chunked"}
[info] +  functions: required API cloudfunctions.googleapis.com is enabled 
[debug] [2021-12-03T23:30:28.435Z] >>> HTTP REQUEST GET https://firebase.googleapis.com/v1beta1/projects/inclusive-test/adminSdkConfig  
 
[debug] [2021-12-03T23:30:28.742Z] <<< HTTP RESPONSE 200 {"content-type":"application/json; charset=UTF-8","vary":"X-Origin, Referer, Origin,Accept-Encoding","date":"Fri, 03 Dec 2021 23:31:21 GMT","server":"ESF","cache-control":"private","x-xss-protection":"0","x-frame-options":"SAMEORIGIN","x-content-type-options":"nosniff","alt-svc":"h3=\":443\"; ma=2592000,h3-29=\":443\"; ma=2592000,h3-Q050=\":443\"; ma=2592000,h3-Q046=\":443\"; ma=2592000,h3-Q043=\":443\"; ma=2592000,quic=\":443\"; ma=2592000; v=\"46,43\"","accept-ranges":"none","transfer-encoding":"chunked"}
[debug] [2021-12-03T23:30:28.742Z] >>> HTTP REQUEST GET https://runtimeconfig.googleapis.com/v1beta1/projects/inclusive-test/configs  
 
[debug] [2021-12-03T23:30:29.066Z] <<< HTTP RESPONSE 200 {"content-type":"application/json; charset=UTF-8","vary":"X-Origin, Referer, Origin,Accept-Encoding","date":"Fri, 03 Dec 2021 23:31:21 GMT","server":"ESF","cache-control":"private","x-xss-protection":"0","x-frame-options":"SAMEORIGIN","x-content-type-options":"nosniff","alt-svc":"h3=\":443\"; ma=2592000,h3-29=\":443\"; ma=2592000,h3-Q050=\":443\"; ma=2592000,h3-Q046=\":443\"; ma=2592000,h3-Q043=\":443\"; ma=2592000,quic=\":443\"; ma=2592000; v=\"46,43\"","accept-ranges":"none","transfer-encoding":"chunked"}
[debug] [2021-12-03T23:30:29.066Z] >>> HTTP REQUEST GET https://runtimeconfig.googleapis.com/v1beta1/projects/inclusive-test/configs/sendgrid/variables  
 
[debug] [2021-12-03T23:30:29.377Z] <<< HTTP RESPONSE 200 {"content-type":"application/json; charset=UTF-8","vary":"X-Origin, Referer, Origin,Accept-Encoding","date":"Fri, 03 Dec 2021 23:31:21 GMT","server":"ESF","cache-control":"private","x-xss-protection":"0","x-frame-options":"SAMEORIGIN","x-content-type-options":"nosniff","alt-svc":"h3=\":443\"; ma=2592000,h3-29=\":443\"; ma=2592000,h3-Q050=\":443\"; ma=2592000,h3-Q046=\":443\"; ma=2592000,h3-Q043=\":443\"; ma=2592000,quic=\":443\"; ma=2592000; v=\"46,43\"","accept-ranges":"none","transfer-encoding":"chunked"}
[debug] [2021-12-03T23:30:29.377Z] >>> HTTP REQUEST GET https://runtimeconfig.googleapis.com/v1beta1/projects/inclusive-test/configs/sendgrid/variables/key  
 
[debug] [2021-12-03T23:30:29.665Z] <<< HTTP RESPONSE 200 {"content-type":"application/json; charset=UTF-8","vary":"X-Origin, Referer, Origin,Accept-Encoding","date":"Fri, 03 Dec 2021 23:31:22 GMT","server":"ESF","cache-control":"private","x-xss-protection":"0","x-frame-options":"SAMEORIGIN","x-content-type-options":"nosniff","alt-svc":"h3=\":443\"; ma=2592000,h3-29=\":443\"; ma=2592000,h3-Q050=\":443\"; ma=2592000,h3-Q046=\":443\"; ma=2592000,h3-Q043=\":443\"; ma=2592000,quic=\":443\"; ma=2592000; v=\"46,43\"","accept-ranges":"none","transfer-encoding":"chunked"}
[debug] [2021-12-03T23:30:29.763Z] Analyzing nodejs backend spec
[info] i  functions: preparing functions directory for uploading... 
[info] i  functions: packaged functions (33.03 KB) for uploading 
[debug] [2021-12-03T23:30:29.925Z] >>> HTTP REQUEST GET https://cloudfunctions.googleapis.com/v1/projects/inclusive-test/locations/-/functions  
 
[debug] [2021-12-03T23:30:30.739Z] <<< HTTP RESPONSE 200 {"content-type":"application/json; charset=UTF-8","vary":"X-Origin, Referer, Origin,Accept-Encoding","date":"Fri, 03 Dec 2021 23:31:23 GMT","server":"ESF","cache-control":"private","x-xss-protection":"0","x-frame-options":"SAMEORIGIN","x-content-type-options":"nosniff","alt-svc":"h3=\":443\"; ma=2592000,h3-29=\":443\"; ma=2592000,h3-Q050=\":443\"; ma=2592000,h3-Q046=\":443\"; ma=2592000,h3-Q043=\":443\"; ma=2592000,quic=\":443\"; ma=2592000; v=\"46,43\"","accept-ranges":"none","transfer-encoding":"chunked"}
[debug] [2021-12-03T23:30:30.742Z] >>> HTTP REQUEST POST https://firebasehosting.googleapis.com/v1beta1/sites/inclusive-test/versions  
 {"config":{"rewrites":[{"glob":"**","path":"/index.html"}]},"labels":{"deployment-tool":"cli-firebase"}}
[debug] [2021-12-03T23:30:32.238Z] <<< HTTP RESPONSE 200 {"content-type":"application/json; charset=UTF-8","vary":"X-Origin, Referer, Origin,Accept-Encoding","date":"Fri, 03 Dec 2021 23:31:24 GMT","server":"ESF","cache-control":"private","x-xss-protection":"0","x-frame-options":"SAMEORIGIN","x-content-type-options":"nosniff","alt-svc":"h3=\":443\"; ma=2592000,h3-29=\":443\"; ma=2592000,h3-Q050=\":443\"; ma=2592000,h3-Q046=\":443\"; ma=2592000,h3-Q043=\":443\"; ma=2592000,quic=\":443\"; ma=2592000; v=\"46,43\"","accept-ranges":"none","transfer-encoding":"chunked"}
[debug] [2021-12-03T23:30:32.239Z] >>> HTTP REQUEST POST https://cloudfunctions.googleapis.com/v1/projects/inclusive-test/locations/us-central1/functions:generateUploadUrl  
 
[debug] [2021-12-03T23:30:33.178Z] <<< HTTP RESPONSE 200 {"content-type":"application/json; charset=UTF-8","vary":"X-Origin, Referer, Origin,Accept-Encoding","date":"Fri, 03 Dec 2021 23:31:25 GMT","server":"ESF","cache-control":"private","x-xss-protection":"0","x-frame-options":"SAMEORIGIN","x-content-type-options":"nosniff","alt-svc":"h3=\":443\"; ma=2592000,h3-29=\":443\"; ma=2592000,h3-Q050=\":443\"; ma=2592000,h3-Q046=\":443\"; ma=2592000,h3-Q043=\":443\"; ma=2592000,quic=\":443\"; ma=2592000; v=\"46,43\"","accept-ranges":"none","transfer-encoding":"chunked"}
[debug] [2021-12-03T23:30:33.179Z] >>> HTTP REQUEST PUT https://storage.googleapis.com/gcf-upload-us-central1-6e0ca099-f9fd-4e6c-a4d1-cf974fefc29a/a5348313-4e54-4a7e-8fc0-8e84b327679b.zip?GoogleAccessId=service-441293072662@gcf-admin-robot.iam.gserviceaccount.com&Expires=1638576085&Signature=TKnWsN9ErsESxgKg7jfVol5ixGk5Xa%2B3cN4JLWn7kh74gtZtXjfxgl6wSKL7dBucUhWzyoymjB0mCtL6W%2BfPAxodea5FvP4Fh9xTHvV7wIYpK77DF8%2FkPJ9qTEeUBmufncSFywL%2BYnWmGowNbNF%2FcCod3rPWHodsmCgDJdv91a1XVmASwOW7RZXCb%2BzxN9FUish%2B18ukGKdtK0so%2F0aeiOIsUqFHvdsBcUB%2BMa8Ig89fESzOcFrOYIjrl2YOc3AIZIzQ5E1dyj7pA4RnsZ0%2BAs3i8bvwK0NMLWVD4nfMV17xbpIpkqt73k%2BWmwtG6Hxr%2B4ZMD842giqq%2F0%2BseFmXaA%3D%3D  
 <request body omitted>
[debug] [2021-12-03T23:30:33.548Z] <<< HTTP RESPONSE 200 {"x-guploader-uploadid":"ADPycds3EhtwMbGsRVlnrsTO6ZISNIXeKQWsdREp2M9WUmnbTvAjpsvqwdw52zsD88nrZdW2xlIe3Z87u5FOQZicQqU","etag":"\"a42480d692bb0fcd350a5bdd93e7c60f\"","x-goog-generation":"1638574285906603","x-goog-metageneration":"1","x-goog-hash":"crc32c=zStkZw==, md5=pCSA1pK7D801Clvdk+fGDw==","x-goog-stored-content-length":"33818","x-goog-stored-content-encoding":"identity","vary":"Origin","content-length":"0","date":"Fri, 03 Dec 2021 23:31:25 GMT","server":"UploadServer","content-type":"text/html; charset=UTF-8","alt-svc":"h3=\":443\"; ma=2592000,h3-29=\":443\"; ma=2592000,h3-Q050=\":443\"; ma=2592000,h3-Q046=\":443\"; ma=2592000,h3-Q043=\":443\"; ma=2592000,quic=\":443\"; ma=2592000; v=\"46,43\""}
[info] +  functions: functions folder uploaded successfully 
[info] i  hosting[inclusive-test]: beginning deploy... 
[info] i  hosting[inclusive-test]: found 99 files in dist 
[debug] [2021-12-03T23:30:33.629Z] > refreshing access token with scopes: []
[debug] [2021-12-03T23:30:33.629Z] >>> HTTP REQUEST POST https://www.googleapis.com/oauth2/v3/token  
 <request body omitted>
[debug] [2021-12-03T23:30:33.630Z] [hosting] hash cache [ZGlzdA] stored for 99 files
[debug] [2021-12-03T23:30:33.630Z] [hosting][hash queue][FINAL] {"max":57,"min":0,"avg":2.73840549594632,"active":0,"complete":99,"success":99,"errored":0,"retried":0,"total":99,"elapsed":61}
[debug] [2021-12-03T23:30:33.738Z] <<< HTTP RESPONSE 200 {"cache-control":"no-cache, no-store, max-age=0, must-revalidate","expires":"Mon, 01 Jan 1990 00:00:00 GMT","pragma":"no-cache","date":"Fri, 03 Dec 2021 23:31:26 GMT","content-type":"application/json; charset=utf-8","vary":"X-Origin, Referer, Origin,Accept-Encoding","server":"scaffolding on HTTPServer2","x-xss-protection":"0","x-frame-options":"SAMEORIGIN","x-content-type-options":"nosniff","alt-svc":"h3=\":443\"; ma=2592000,h3-29=\":443\"; ma=2592000,h3-Q050=\":443\"; ma=2592000,h3-Q046=\":443\"; ma=2592000,h3-Q043=\":443\"; ma=2592000,quic=\":443\"; ma=2592000; v=\"46,43\"","accept-ranges":"none","transfer-encoding":"chunked"}
[debug] [2021-12-03T23:30:33.743Z] >>> [apiv2][query] POST https://firebasehosting.googleapis.com/v1beta1/sites/inclusive-test/versions/d1f990c913512714:populateFiles [none]
[debug] [2021-12-03T23:30:33.743Z] >>> [apiv2][body] POST https://firebasehosting.googleapis.com/v1beta1/sites/inclusive-test/versions/d1f990c913512714:populateFiles {"files":{"/6-es2015.7ce31f90b7cb42987f38.js":"e6885184500437b6cf17ceb2d33e26e1cfdeacbb325d48c40a9a8f41dc5a358e","/6-es5.7ce31f90b7cb42987f38.js":"5e883f5d05d7cd90103ae71469530c7bde1687042aec703e790f7fd25d7ae197","/polyfills-es2015.03359dda5b7874b069da.js":"41a34619a254a8f917f3c96a99c76574a6022a60aa63869fd146eaf78bf39706","/polyfills-es5.6a0115299ba637fae7f5.js":"6d44b88dd2eab3c523196643761d9da48f798b5d19952bca66d242745f93c166","/assets/fonts/menu.eot":"3ad55fc2e45b486f0a93bfe61bf663eef9d81aaeef362abbf151405308bb6f85","/assets/fonts/menu.svg":"0e6291d5dff604516c861a61d912eb148902e12cfc15b403dc57b6a42af0ac67","/assets/fonts/menu.ttf":"d35025f630008fa29dd5907b6756f99864aed6fe4eed6dddc744ebd3d8d37375","/assets/fonts/menu.woff":"19305b9152211a7a1dba0f40e884a31156f5258fa545699fc6d619d6a9f88482","/assets/icons/bell.png":"d10a5bca97f14b0e0e126635fbe7412cb82918004a9fcd835ab301f62c0c8013","/assets/icons/check-mark.png":"8dbc40c82743e0256e5a0752bb60b3328e83c0f630f6852c9e0a07faa0c702d4","/assets/icons/cpes_logo.png":"2e9f193dae0248cd40f44c128ad37e346cdb79e40da00456ec935efe79a3f906","/assets/icons/exit.png":"2a91c41b59a157af162a77eb97d4d343a5f9a948a3a63864d95b87a9b1778327","/assets/icons/favicon.ico":"2c19690e9587bae12f419b34d2edeecc76808099540a9c9f4ea6194116cfc8f7","/assets/icons/logo.png":"7732ac587c37687e67ac4f77fd24a8a8d540f5745d54e5be50bbda360f39bff3","/assets/icons/logo.svg":"525391e68ac75477e4aa0396c2ffec0dacab56c38b37a7a18086a3327ccf2fcc","/assets/icons/logo1.png":"e3c19a954e70de435a4ef41c404891273223de13fd577da10e68ee8c75f5298f","/assets/icons/logo1.svg":"4c0f1479f45d24aaa4d43dbd1e5c9a334b073ebf976d85cdacc8b7c32dad9fc0","/assets/icons/logobot.png":"6a1676ced4588a47a0a3406a4dce72e6fb87f9b67a0db84516c4a1025c114ecf","/assets/icons/logobot_dev.png":"5ebd87d8d8f176a849e1e4061fd7e9c97a535f2a8c66f9a33b2429e6404d9d55","/assets/icons/logo_invert.png":"638ab1573c21597fb7fd51da9e3de017852f2a33f09d2ea1a4800e4a6eb2c2c2","/assets/icons/pacient_logo.png":"c003d8a63c524b9327378c77419690f965053648978cc56c4655edba1fc7464c","/assets/icons/upload.png":"d611be637b5ace51aa5dba062f09b076b803d508cc6cea4ea980e66dda0a716d","/assets/icons/Без-имени-1.png":"3cb5757b1c891bcd013c1564869653de48853b0c542fbf67e7f705e67bda9832","/assets/icons/functions/arrow-2.svg":"e5d2ad6dcd36492d48ecf50310f1f58eaaafc8d28dfba247bb9d354a348e0bc3","/assets/icons/functions/arrow-blue.svg":"115faf4197e30e23aba87dd4b32e10580a7321bc9747beaea38330a3b87fb0a8","/assets/icons/functions/arrow-white.svg":"2ee9b1baa4b23a45eeffc9225cb738ee9ad940a0be03af52b37b0c7222dd63d0","/assets/icons/functions/arrow2.svg":"ea96b8fc60020bbf435f402c87e09e56ef27d6875aa6f9b3c9039f910e5ea821","/assets/icons/functions/check-mark-2.svg":"de3c80f3de1e98d71b7b77e0038919d239c1e86d5d2c665e85c9480712039e63","/assets/icons/functions/check-mark-3.svg":"760a81941f36be86608b78538da40164e3526c44ba57d9429566d937dcda695c","/assets/icons/functions/check-mark.svg":"8a0707f2f91f88ffbcdfa2e2a07109eb2183ec44f5498437fe4176a78513bd4a","/assets/icons/functions/clip.svg":"23d2abeaf89360ab0d9a4cb46a5476e9db67ca24010aa7e2406ac0ab71756071","/assets/icons/functions/cross.svg":"20dc79cfe43e03015babd4f445fb024d0c65cb13e15bd5060784b13e5d8ef547","/assets/icons/functions/double-check.svg":"009c444c4ebf29a2f7e7102efa5109b673407d9dd4032fa0c36174113d48ddd9","/assets/icons/functions/hide.svg":"300d58146a0bd25310bde63fec2f74a12a0b47678234b991af0921773d0439b5","/assets/icons/functions/photo.svg":"4cf49ef1af739338a367ae65bc43ca07ccb7b8e622b4a6b076a78e85af4d6333","/assets/icons/functions/plus.svg":"e17af95b104bdcf83b325aa2d4899c5781b1689204005cccb2638d1b44ea4d2f","/assets/icons/functions/show.svg":"30baea906ba79b6831766773a5a5a5d4dfca1caaefb1a67816beba0b72dfa49e","/assets/icons/functions/upload.svg":"c6fb3d41712ba37dd5aedef8700aa337f01810561b6ed804df5ec9902d4255ba","/assets/icons/functions/zoom.svg":"58d49e47b3d6ffebadef0cfa8bb95748ebc6afaa1213ae514898aabaa27304cd","/assets/icons/functions/пагинация.svg":"35c5e7cb3d688e600d243bbd80ecbe57bb3b279432fa6b31c33803887742d894","/assets/icons/interface/bell.svg":"1b9b478ea9fb467fc8c772eccf2713a1dbb88e34bba8bc42511bcef93be988d6","/assets/icons/interface/calendar.svg":"0e4fef5a1f46dfe49a1b57b44a9e9162fbcb62e5223a872838ac392598c5867b","/assets/icons/interface/check.svg":"6b6b2dc2a68c7725bd50f03fed7fe8517b8739bdabf45ac77f13b6e0d7d21d2d","/assets/icons/interface/computer.svg":"2ce0b33cede612524c9827a6e0a775b254fc06df0893715bba0506f29a651fc5","/assets/icons/interface/edit.svg":"0ff50d5faed47645407d6efcd77de051a99497777ea6d8fe4189253b499a6e3e","/assets/icons/interface/email.svg":"ba8ab3d3404a776555be1e724255b95639dc2ada0ae6e06bf4a9da0e7af99778","/assets/icons/interface/lock.svg":"eea73bb87d0567b5d95cc35d3056a4091e4cf31c54d74b2d885ee2038b07f211","/assets/icons/interface/map.svg":"90aebade3cef44f0cacd33cc92c195b26ba07f7e4325081ffd6c41fc8070e1de","/assets/icons/interface/message.svg":"a3914e8e4e266bc79b9899bb5edcad36f891aab400f1004b2e9cf9f08307e425","/assets/icons/interface/mortarboard.svg":"8fb2b06dcf6e6a543974b3fb367e069e037eb0b6a3a993d4f36d8ea4a852a33a","/assets/icons/interface/notepad.svg":"5c50572cb36416002a6a4bda71bff7db27fc6c1a4a76b7c3488a5abeb4ff4492","/assets/icons/interface/phone.svg":"94f282ae8b14e914fe639e82ce8d8d04085ef8d1e6bf3a32174cbb03d979761e","/assets/icons/interface/spreadsheet.svg":"bd9ac7f4c3db75d4ca34e6f1f2ee6561172e755113adfcc116d382d717d03e3e","/assets/icons/interface/user-account.svg":"da237660f975c26ecd8332736585eb607a2b026baf187a9a9e13b313c1c3b219","/assets/icons/menu/calendar.png":"2326a03e65ff88b42f481d134932fee74bd7b3b7a5d813576dd5fd6e748c34a6","/assets/icons/menu/calendar.svg":"ade771b7ebd9176b6aa0a5453b5425d8106909317d535ddb4114d54a9020cde1","/assets/icons/menu/edit.svg":"9c45f772aa1d56d0d9726f5d56569406517f3d5048eb2f3960b91f8d3e70a040","/assets/icons/menu/files.png":"d667b85f498c2c1dad702778a0f4520db60f55a1c17c417808dde059ff5406bd","/assets/icons/menu/help.svg":"869112f2f46f31810a1f021ae012f0fae6fbfc2e0220c7478e5b146ca99bbb40","/assets/icons/menu/icons_list.png":"2b8bbecda4ecb7bfff6b23db92acf85acba9c93d0ecb095a9e784ddd3fdf20af","/assets/icons/menu/records.svg":"790c2ac582da65292568fb868d0866e34aa4e04904a4c6ab1b64268ed6e7edc9","/assets/icons/menu/security.png":"a85650ec7a9fd786cba2524055d1eef96b88b23bcb109dd0357d7922049b3990","/assets/icons/menu/security.svg":"39ca3e9b2032a171bd010621ab458af722fdc972363be53991147dae0ec5b205","/assets/icons/menu/settings.png":"c4bdcb1e1a10274d508d4c6b5748e45d9eb3289123c5b434d60d69aea1749ed0","/assets/icons/menu/specialists.svg":"611349862aa593c238b8753da12f985f33688b0c62a17fe5b907409bc43c9b43","/assets/icons/menu/videochat.png":"b3483df9cc56c788988640825622dfec941c1d1a3a431c1f9f90b0ca78779699","/assets/icons/menu/videochat.svg":"06300ee175a6180bf2949aecaab1ee93987d256d03d74942c4bc27187fbcfdc2","/assets/img/home-slider-0.jpg":"4b74b1feadae1e0c9b9ee47a8526a0980f60431c147c807134ae835452a3877b","/assets/img/home-slider-1.jpg":"7144c182c36c40682611e3d16184b47298863b4d7dfcffe01cd6c8ca77bc3a54","/assets/img/home-slider-2.jpg":"46eb1384f0f57375ed994ab4ddcb81f6f449c211ef0c626df494c19e3b094654","/assets/img/home-slider-3.jpg":"fa2235cea694858d3e0a4e429e723691088e8a17aa13045eeb816fcbe2cf2674","/assets/img/promo_bg(1).jpg":"1dbbb59360d2506478c345802ec30964c8131d4b3b71ca15cd2761a62c485b0a","/assets/img/promo_bg(2).jpg":"91144c8150d3c46abd9fe6c8b6469c826124681e44286c12ed15b940116c445c","/assets/img/promo_bg.jpg":"ec7608b1149415157ca3ca039d4aacede8e36d98dff19f9fc2c66b541ef416a5","/assets/img/catalog/profile_2_crop.jpg":"4d80f28709d70d405e9425d9c6296094448dae37840b9599d2a110d7728eea88","/assets/img/catalog/profile_2_minimal.jpg":"a7ea6e3cec892ee8af62756b46ec37b2c670e175a3b17090dc293a7ec200681b","/assets/img/catalog/profile_2_normal.jpg":"130e27f91252e0d1fbde23ef63ede2d02a3842db1bf42dad20744aa92fa9cfab","/assets/img/catalog/profile_crop.jpg":"1ee5ab2e36b073db8cf567c08d123244ed7e858028b372f7ff34e96ab1cb8dcd","/assets/img/catalog/profile_normal.jpg":"d5bf8435c93cad66b9b0982a00a74d218625e8b54cf217d1cc2adc2410ff67e5","/assets/img/our-game/catzu-preview.jpg":"6b0a44cc6d860ef734000b1529b00ffe5ceb73e64e81399a07a789010e11d7a2","/assets/img/our-game/our-game.png":"c5bd96af7622575862eb827c0678142d77371fc8f153303ecf328b55c154bbce","/assets/styles/fonts.css":"b4343f5504b3328db3d166d00221320c5d5c824775aad0397fc3ede83c4bf3d1","/assets/styles/forms.sass":"4f16eae96e491739de085931823e5a60397a9f661bbc4317956cf2be15721b39","/assets/styles/light-reset.min.css":"5ec1f77525c86d7292f6a410f59dc47ed3663213db4c3eab22dc5b65f5e64c21","/assets/styles/normlize.min.css":"837934b655fd9c577d80d8dc6580d60033ecc809a7e2940668a63901b15b3b40","/assets/styles/popups.sass":"4d7fe173c0f7883fcca71bd2056c6089f5e3535d2af0f761e117819af1076027","/assets/styles/_variables.sass":"4293a59718ed940cac3717359b66431cbea8fb88a41b775f5bd8a4bbe7b666fa","/3rdpartylicenses.txt":"6c87460c10d690f71a23b4f8f1faddd6337ad32b0a7bb48ab5a4ccaf996510be","/icons_list.b4df949a5ace04ada2cc.png":"2b8bbecda4ecb7bfff6b23db92acf85acba9c93d0ecb095a9e784ddd3fdf20af","/index.html":"b281c3fa85c92e44f79df8366444bb25a219fbcdfb97c805f1fba92e20a791ce","/favicon.ico":"4f0be0fc8bc34d1db906fea920048d4ccd771bcfb719157dd7642934a7c20e09","/runtime-es2015.82c4d30abb0fe1c6dd83.js":"387eca4a8759fc90e08331411a1f62236040c1e74b7f0cf2467f3bbf101f3d66","/runtime-es5.82c4d30abb0fe1c6dd83.js":"6f551648f6ea792428182a3efbe27414f48ce18c097ffcc7dff9c47f4179883d","/styles.b30a0df9b85c29eb678d.css":"525d4925ae32b8b54fe1da209c82008b938dc2a80562bf7dbb78621413b16951","/promo_bg.e40688fe6c6ccb7efee7.jpg":"ec7608b1149415157ca3ca039d4aacede8e36d98dff19f9fc2c66b541ef416a5","/5-es2015.d2937b5389bc721f0c5d.js":"6926fd423cd4465baaa52ee1f6cb267db41c22e391dc12aedaf2de97eff7bacd","/5-es5.d2937b5389bc721f0c5d.js":"26ceceae34dd97151fd315e5c67cab1007f803b593a6766acac8d325b23af081","/main-es2015.3e4805b3e5c22e8ca69a.js":"e3ed7e435d30cb690d08ed18addfa65f9231776731ade7a2baff975136475f95","/main-es5.3e4805b3e5c22e8ca69a.js":"73072c8ce0f83bc56ab3aa5423e588e7bbfbe2140ba348b83628b50de225284b"}}
[debug] [2021-12-03T23:30:35.086Z] <<< [apiv2][status] POST https://firebasehosting.googleapis.com/v1beta1/sites/inclusive-test/versions/d1f990c913512714:populateFiles 200
[debug] [2021-12-03T23:30:35.086Z] <<< [apiv2][body] POST https://firebasehosting.googleapis.com/v1beta1/sites/inclusive-test/versions/d1f990c913512714:populateFiles {"uploadRequiredHashes":["b281c3fa85c92e44f79df8366444bb25a219fbcdfb97c805f1fba92e20a791ce","4f0be0fc8bc34d1db906fea920048d4ccd771bcfb719157dd7642934a7c20e09"],"uploadUrl":"https://upload-firebasehosting.googleapis.com/upload/sites/inclusive-test/versions/d1f990c913512714/files"}
[debug] [2021-12-03T23:30:35.087Z] >>> [apiv2][query] POST https://upload-firebasehosting.googleapis.com/upload/sites/inclusive-test/versions/d1f990c913512714/files/b281c3fa85c92e44f79df8366444bb25a219fbcdfb97c805f1fba92e20a791ce [none]
[debug] [2021-12-03T23:30:35.087Z] >>> [apiv2][body] POST https://upload-firebasehosting.googleapis.com/upload/sites/inclusive-test/versions/d1f990c913512714/files/b281c3fa85c92e44f79df8366444bb25a219fbcdfb97c805f1fba92e20a791ce [stream]
[debug] [2021-12-03T23:30:35.088Z] >>> [apiv2][query] POST https://upload-firebasehosting.googleapis.com/upload/sites/inclusive-test/versions/d1f990c913512714/files/4f0be0fc8bc34d1db906fea920048d4ccd771bcfb719157dd7642934a7c20e09 [none]
[debug] [2021-12-03T23:30:35.088Z] >>> [apiv2][body] POST https://upload-firebasehosting.googleapis.com/upload/sites/inclusive-test/versions/d1f990c913512714/files/4f0be0fc8bc34d1db906fea920048d4ccd771bcfb719157dd7642934a7c20e09 [stream]
[debug] [2021-12-03T23:30:35.088Z] [hosting][populate queue][FINAL] {"max":1459,"min":1459,"avg":1459,"active":0,"complete":1,"success":1,"errored":0,"retried":0,"total":1,"elapsed":1460}
[debug] [2021-12-03T23:30:35.088Z] [hosting] uploads queued: 2
[debug] [2021-12-03T23:30:36.807Z] <<< [apiv2][status] POST https://upload-firebasehosting.googleapis.com/upload/sites/inclusive-test/versions/d1f990c913512714/files/4f0be0fc8bc34d1db906fea920048d4ccd771bcfb719157dd7642934a7c20e09 200
[debug] [2021-12-03T23:30:36.807Z] <<< [apiv2][body] POST https://upload-firebasehosting.googleapis.com/upload/sites/inclusive-test/versions/d1f990c913512714/files/4f0be0fc8bc34d1db906fea920048d4ccd771bcfb719157dd7642934a7c20e09 [stream]
[debug] [2021-12-03T23:30:37.093Z] <<< [apiv2][status] POST https://upload-firebasehosting.googleapis.com/upload/sites/inclusive-test/versions/d1f990c913512714/files/b281c3fa85c92e44f79df8366444bb25a219fbcdfb97c805f1fba92e20a791ce 200
[debug] [2021-12-03T23:30:37.093Z] <<< [apiv2][body] POST https://upload-firebasehosting.googleapis.com/upload/sites/inclusive-test/versions/d1f990c913512714/files/b281c3fa85c92e44f79df8366444bb25a219fbcdfb97c805f1fba92e20a791ce [stream]
[debug] [2021-12-03T23:30:37.093Z] [hosting][upload queue][FINAL] {"max":2006,"min":1720,"avg":1863,"active":0,"complete":2,"success":2,"errored":0,"retried":0,"total":2,"elapsed":2006}
[info] +  hosting[inclusive-test]: file upload complete 
[debug] [2021-12-03T23:30:37.094Z] [hosting] deploy completed after 3545ms
[info] i  functions: updating Node.js 10 function randomNumberCall(us-central1)... 
[info] i  functions: updating Node.js 10 function fireHttpEmail(us-central1)... 
[debug] [2021-12-03T23:30:37.097Z] > refreshing access token with scopes: ["email","https://www.googleapis.com/auth/cloud-platform","https://www.googleapis.com/auth/cloudplatformprojects.readonly","https://www.googleapis.com/auth/firebase","openid"]
[debug] [2021-12-03T23:30:37.097Z] >>> HTTP REQUEST POST https://www.googleapis.com/oauth2/v3/token  
 <request body omitted>
[debug] [2021-12-03T23:30:37.211Z] <<< HTTP RESPONSE 200 {"date":"Fri, 03 Dec 2021 23:31:29 GMT","expires":"Mon, 01 Jan 1990 00:00:00 GMT","pragma":"no-cache","cache-control":"no-cache, no-store, max-age=0, must-revalidate","content-type":"application/json; charset=utf-8","vary":"X-Origin, Referer, Origin,Accept-Encoding","server":"scaffolding on HTTPServer2","x-xss-protection":"0","x-frame-options":"SAMEORIGIN","x-content-type-options":"nosniff","alt-svc":"h3=\":443\"; ma=2592000,h3-29=\":443\"; ma=2592000,h3-Q050=\":443\"; ma=2592000,h3-Q046=\":443\"; ma=2592000,h3-Q043=\":443\"; ma=2592000,quic=\":443\"; ma=2592000; v=\"46,43\"","accept-ranges":"none","transfer-encoding":"chunked"}
[debug] [2021-12-03T23:30:37.217Z] >>> HTTP REQUEST PATCH https://cloudfunctions.googleapis.com/v1/projects/inclusive-test/locations/us-central1/functions/randomNumberCall {"updateMask":"name,sourceUploadUrl,entryPoint,runtime,labels,httpsTrigger,availableMemoryMb,environmentVariables,sourceToken"} 
 {"name":"projects/inclusive-test/locations/us-central1/functions/randomNumberCall","sourceUploadUrl":"https://storage.googleapis.com/gcf-upload-us-central1-6e0ca099-f9fd-4e6c-a4d1-cf974fefc29a/a5348313-4e54-4a7e-8fc0-8e84b327679b.zip?GoogleAccessId=service-441293072662@gcf-admin-robot.iam.gserviceaccount.com&Expires=1638576085&Signature=TKnWsN9ErsESxgKg7jfVol5ixGk5Xa%2B3cN4JLWn7kh74gtZtXjfxgl6wSKL7dBucUhWzyoymjB0mCtL6W%2BfPAxodea5FvP4Fh9xTHvV7wIYpK77DF8%2FkPJ9qTEeUBmufncSFywL%2BYnWmGowNbNF%2FcCod3rPWHodsmCgDJdv91a1XVmASwOW7RZXCb%2BzxN9FUish%2B18ukGKdtK0so%2F0aeiOIsUqFHvdsBcUB%2BMa8Ig89fESzOcFrOYIjrl2YOc3AIZIzQ5E1dyj7pA4RnsZ0%2BAs3i8bvwK0NMLWVD4nfMV17xbpIpkqt73k%2BWmwtG6Hxr%2B4ZMD842giqq%2F0%2BseFmXaA%3D%3D","entryPoint":"randomNumberCall","runtime":"nodejs10","labels":{"deployment-callable":"true","deployment-tool":"cli-firebase"},"httpsTrigger":{},"availableMemoryMb":256,"environmentVariables":{"FIREBASE_CONFIG":"{\"projectId\":\"inclusive-test\",\"databaseURL\":\"https://inclusive-test.firebaseio.com\",\"storageBucket\":\"inclusive-test.appspot.com\",\"locationId\":\"europe-west\"}","GCLOUD_PROJECT":"inclusive-test"}}
[debug] [2021-12-03T23:30:37.940Z] <<< HTTP RESPONSE 200 {"content-type":"application/json; charset=UTF-8","vary":"X-Origin, Referer, Origin,Accept-Encoding","date":"Fri, 03 Dec 2021 23:31:30 GMT","server":"ESF","cache-control":"private","x-xss-protection":"0","x-frame-options":"SAMEORIGIN","x-content-type-options":"nosniff","alt-svc":"h3=\":443\"; ma=2592000,h3-29=\":443\"; ma=2592000,h3-Q050=\":443\"; ma=2592000,h3-Q046=\":443\"; ma=2592000,h3-Q043=\":443\"; ma=2592000,quic=\":443\"; ma=2592000; v=\"46,43\"","accept-ranges":"none","transfer-encoding":"chunked"}
[debug] [2021-12-03T23:30:37.941Z] > refreshing access token with scopes: []
[debug] [2021-12-03T23:30:37.941Z] >>> HTTP REQUEST POST https://www.googleapis.com/oauth2/v3/token  
 <request body omitted>
[debug] [2021-12-03T23:30:38.051Z] <<< HTTP RESPONSE 200 {"expires":"Mon, 01 Jan 1990 00:00:00 GMT","pragma":"no-cache","date":"Fri, 03 Dec 2021 23:31:30 GMT","cache-control":"no-cache, no-store, max-age=0, must-revalidate","content-type":"application/json; charset=utf-8","vary":"X-Origin, Referer, Origin,Accept-Encoding","server":"scaffolding on HTTPServer2","x-xss-protection":"0","x-frame-options":"SAMEORIGIN","x-content-type-options":"nosniff","alt-svc":"h3=\":443\"; ma=2592000,h3-29=\":443\"; ma=2592000,h3-Q050=\":443\"; ma=2592000,h3-Q046=\":443\"; ma=2592000,h3-Q043=\":443\"; ma=2592000,quic=\":443\"; ma=2592000; v=\"46,43\"","accept-ranges":"none","transfer-encoding":"chunked"}
[debug] [2021-12-03T23:30:38.057Z] >>> [apiv2][query] GET https://cloudfunctions.googleapis.com/v1/operations/aW5jbHVzaXZlLXRlc3QvdXMtY2VudHJhbDEvcmFuZG9tTnVtYmVyQ2FsbC8wQ0R5dlBCNENINA [none]
[debug] [2021-12-03T23:30:38.424Z] <<< [apiv2][status] GET https://cloudfunctions.googleapis.com/v1/operations/aW5jbHVzaXZlLXRlc3QvdXMtY2VudHJhbDEvcmFuZG9tTnVtYmVyQ2FsbC8wQ0R5dlBCNENINA 200
[debug] [2021-12-03T23:30:38.424Z] <<< [apiv2][body] GET https://cloudfunctions.googleapis.com/v1/operations/aW5jbHVzaXZlLXRlc3QvdXMtY2VudHJhbDEvcmFuZG9tTnVtYmVyQ2FsbC8wQ0R5dlBCNENINA {"name":"operations/aW5jbHVzaXZlLXRlc3QvdXMtY2VudHJhbDEvcmFuZG9tTnVtYmVyQ2FsbC8wQ0R5dlBCNENINA","metadata":{"@type":"type.googleapis.com/google.cloud.functions.v1.OperationMetadataV1","target":"projects/inclusive-test/locations/us-central1/functions/randomNumberCall","type":"UPDATE_FUNCTION","request":{"@type":"type.googleapis.com/google.cloud.functions.v1.CloudFunction","name":"projects/inclusive-test/locations/us-central1/functions/randomNumberCall","httpsTrigger":{},"status":"ACTIVE","entryPoint":"randomNumberCall","timeout":"60s","availableMemoryMb":256,"serviceAccountEmail":"inclusive-test@appspot.gserviceaccount.com","updateTime":"2021-12-03T22:37:57.587Z","versionId":"12","labels":{"deployment-callable":"true","deployment-tool":"cli-firebase"},"sourceUploadUrl":"https://storage.googleapis.com/gcf-upload-us-central1-6e0ca099-f9fd-4e6c-a4d1-cf974fefc29a/a5348313-4e54-4a7e-8fc0-8e84b327679b.zip?GoogleAccessId=service-441293072662@gcf-admin-robot.iam.gserviceaccount.com&Expires=1638576085&Signature=TKnWsN9ErsESxgKg7jfVol5ixGk5Xa%2B3cN4JLWn7kh74gtZtXjfxgl6wSKL7dBucUhWzyoymjB0mCtL6W%2BfPAxodea5FvP4Fh9xTHvV7wIYpK77DF8%2FkPJ9qTEeUBmufncSFywL%2BYnWmGowNbNF%2FcCod3rPWHodsmCgDJdv91a1XVmASwOW7RZXCb%2BzxN9FUish%2B18ukGKdtK0so%2F0aeiOIsUqFHvdsBcUB%2BMa8Ig89fESzOcFrOYIjrl2YOc3AIZIzQ5E1dyj7pA4RnsZ0%2BAs3i8bvwK0NMLWVD4nfMV17xbpIpkqt73k%2BWmwtG6Hxr%2B4ZMD842giqq%2F0%2BseFmXaA%3D%3D","environmentVariables":{"FIREBASE_CONFIG":"{\"projectId\":\"inclusive-test\",\"databaseURL\":\"https://inclusive-test.firebaseio.com\",\"storageBucket\":\"inclusive-test.appspot.com\",\"locationId\":\"europe-west\"}","GCLOUD_PROJECT":"inclusive-test"},"runtime":"nodejs10","ingressSettings":"ALLOW_ALL","buildId":"9b764fcb-c750-4026-98d4-ec6a19a636a6","buildName":"projects/441293072662/locations/us-central1/builds/9b764fcb-c750-4026-98d4-ec6a19a636a6"},"versionId":"13","updateTime":"2021-12-03T23:31:30Z","buildName":"projects/441293072662/locations/us-central1/builds/9b764fcb-c750-4026-98d4-ec6a19a636a6"}}
[debug] [2021-12-03T23:30:38.925Z] [update-us-central1-randomNumberCall] Retrying task index 0
[debug] [2021-12-03T23:30:38.925Z] >>> [apiv2][query] GET https://cloudfunctions.googleapis.com/v1/operations/aW5jbHVzaXZlLXRlc3QvdXMtY2VudHJhbDEvcmFuZG9tTnVtYmVyQ2FsbC8wQ0R5dlBCNENINA [none]
[debug] [2021-12-03T23:30:39.397Z] <<< [apiv2][status] GET https://cloudfunctions.googleapis.com/v1/operations/aW5jbHVzaXZlLXRlc3QvdXMtY2VudHJhbDEvcmFuZG9tTnVtYmVyQ2FsbC8wQ0R5dlBCNENINA 200
[debug] [2021-12-03T23:30:39.397Z] <<< [apiv2][body] GET https://cloudfunctions.googleapis.com/v1/operations/aW5jbHVzaXZlLXRlc3QvdXMtY2VudHJhbDEvcmFuZG9tTnVtYmVyQ2FsbC8wQ0R5dlBCNENINA {"name":"operations/aW5jbHVzaXZlLXRlc3QvdXMtY2VudHJhbDEvcmFuZG9tTnVtYmVyQ2FsbC8wQ0R5dlBCNENINA","metadata":{"@type":"type.googleapis.com/google.cloud.functions.v1.OperationMetadataV1","target":"projects/inclusive-test/locations/us-central1/functions/randomNumberCall","type":"UPDATE_FUNCTION","request":{"@type":"type.googleapis.com/google.cloud.functions.v1.CloudFunction","name":"projects/inclusive-test/locations/us-central1/functions/randomNumberCall","httpsTrigger":{},"status":"ACTIVE","entryPoint":"randomNumberCall","timeout":"60s","availableMemoryMb":256,"serviceAccountEmail":"inclusive-test@appspot.gserviceaccount.com","updateTime":"2021-12-03T22:37:57.587Z","versionId":"12","labels":{"deployment-callable":"true","deployment-tool":"cli-firebase"},"sourceUploadUrl":"https://storage.googleapis.com/gcf-upload-us-central1-6e0ca099-f9fd-4e6c-a4d1-cf974fefc29a/a5348313-4e54-4a7e-8fc0-8e84b327679b.zip?GoogleAccessId=service-441293072662@gcf-admin-robot.iam.gserviceaccount.com&Expires=1638576085&Signature=TKnWsN9ErsESxgKg7jfVol5ixGk5Xa%2B3cN4JLWn7kh74gtZtXjfxgl6wSKL7dBucUhWzyoymjB0mCtL6W%2BfPAxodea5FvP4Fh9xTHvV7wIYpK77DF8%2FkPJ9qTEeUBmufncSFywL%2BYnWmGowNbNF%2FcCod3rPWHodsmCgDJdv91a1XVmASwOW7RZXCb%2BzxN9FUish%2B18ukGKdtK0so%2F0aeiOIsUqFHvdsBcUB%2BMa8Ig89fESzOcFrOYIjrl2YOc3AIZIzQ5E1dyj7pA4RnsZ0%2BAs3i8bvwK0NMLWVD4nfMV17xbpIpkqt73k%2BWmwtG6Hxr%2B4ZMD842giqq%2F0%2BseFmXaA%3D%3D","environmentVariables":{"FIREBASE_CONFIG":"{\"projectId\":\"inclusive-test\",\"databaseURL\":\"https://inclusive-test.firebaseio.com\",\"storageBucket\":\"inclusive-test.appspot.com\",\"locationId\":\"europe-west\"}","GCLOUD_PROJECT":"inclusive-test"},"runtime":"nodejs10","ingressSettings":"ALLOW_ALL","buildId":"9b764fcb-c750-4026-98d4-ec6a19a636a6","buildName":"projects/441293072662/locations/us-central1/builds/9b764fcb-c750-4026-98d4-ec6a19a636a6"},"versionId":"13","updateTime":"2021-12-03T23:31:30Z","buildId":"e5a6a2d5-12e8-4235-8baf-37d3c2ece74d","buildName":"projects/441293072662/locations/us-central1/builds/e5a6a2d5-12e8-4235-8baf-37d3c2ece74d"}}
[debug] [2021-12-03T23:30:40.397Z] [update-us-central1-randomNumberCall] Retrying task index 0
[debug] [2021-12-03T23:30:40.397Z] >>> [apiv2][query] GET https://cloudfunctions.googleapis.com/v1/operations/aW5jbHVzaXZlLXRlc3QvdXMtY2VudHJhbDEvcmFuZG9tTnVtYmVyQ2FsbC8wQ0R5dlBCNENINA [none]
[debug] [2021-12-03T23:30:40.869Z] <<< [apiv2][status] GET https://cloudfunctions.googleapis.com/v1/operations/aW5jbHVzaXZlLXRlc3QvdXMtY2VudHJhbDEvcmFuZG9tTnVtYmVyQ2FsbC8wQ0R5dlBCNENINA 200
[debug] [2021-12-03T23:30:40.869Z] <<< [apiv2][body] GET https://cloudfunctions.googleapis.com/v1/operations/aW5jbHVzaXZlLXRlc3QvdXMtY2VudHJhbDEvcmFuZG9tTnVtYmVyQ2FsbC8wQ0R5dlBCNENINA {"name":"operations/aW5jbHVzaXZlLXRlc3QvdXMtY2VudHJhbDEvcmFuZG9tTnVtYmVyQ2FsbC8wQ0R5dlBCNENINA","metadata":{"@type":"type.googleapis.com/google.cloud.functions.v1.OperationMetadataV1","target":"projects/inclusive-test/locations/us-central1/functions/randomNumberCall","type":"UPDATE_FUNCTION","request":{"@type":"type.googleapis.com/google.cloud.functions.v1.CloudFunction","name":"projects/inclusive-test/locations/us-central1/functions/randomNumberCall","httpsTrigger":{},"status":"ACTIVE","entryPoint":"randomNumberCall","timeout":"60s","availableMemoryMb":256,"serviceAccountEmail":"inclusive-test@appspot.gserviceaccount.com","updateTime":"2021-12-03T22:37:57.587Z","versionId":"12","labels":{"deployment-callable":"true","deployment-tool":"cli-firebase"},"sourceUploadUrl":"https://storage.googleapis.com/gcf-upload-us-central1-6e0ca099-f9fd-4e6c-a4d1-cf974fefc29a/a5348313-4e54-4a7e-8fc0-8e84b327679b.zip?GoogleAccessId=service-441293072662@gcf-admin-robot.iam.gserviceaccount.com&Expires=1638576085&Signature=TKnWsN9ErsESxgKg7jfVol5ixGk5Xa%2B3cN4JLWn7kh74gtZtXjfxgl6wSKL7dBucUhWzyoymjB0mCtL6W%2BfPAxodea5FvP4Fh9xTHvV7wIYpK77DF8%2FkPJ9qTEeUBmufncSFywL%2BYnWmGowNbNF%2FcCod3rPWHodsmCgDJdv91a1XVmASwOW7RZXCb%2BzxN9FUish%2B18ukGKdtK0so%2F0aeiOIsUqFHvdsBcUB%2BMa8Ig89fESzOcFrOYIjrl2YOc3AIZIzQ5E1dyj7pA4RnsZ0%2BAs3i8bvwK0NMLWVD4nfMV17xbpIpkqt73k%2BWmwtG6Hxr%2B4ZMD842giqq%2F0%2BseFmXaA%3D%3D","environmentVariables":{"FIREBASE_CONFIG":"{\"projectId\":\"inclusive-test\",\"databaseURL\":\"https://inclusive-test.firebaseio.com\",\"storageBucket\":\"inclusive-test.appspot.com\",\"locationId\":\"europe-west\"}","GCLOUD_PROJECT":"inclusive-test"},"runtime":"nodejs10","ingressSettings":"ALLOW_ALL","buildId":"9b764fcb-c750-4026-98d4-ec6a19a636a6","buildName":"projects/441293072662/locations/us-central1/builds/9b764fcb-c750-4026-98d4-ec6a19a636a6"},"versionId":"13","updateTime":"2021-12-03T23:31:30Z","buildId":"e5a6a2d5-12e8-4235-8baf-37d3c2ece74d","buildName":"projects/441293072662/locations/us-central1/builds/e5a6a2d5-12e8-4235-8baf-37d3c2ece74d"}}
[debug] [2021-12-03T23:30:42.870Z] [update-us-central1-randomNumberCall] Retrying task index 0
[debug] [2021-12-03T23:30:42.870Z] >>> [apiv2][query] GET https://cloudfunctions.googleapis.com/v1/operations/aW5jbHVzaXZlLXRlc3QvdXMtY2VudHJhbDEvcmFuZG9tTnVtYmVyQ2FsbC8wQ0R5dlBCNENINA [none]
[debug] [2021-12-03T23:30:43.354Z] <<< [apiv2][status] GET https://cloudfunctions.googleapis.com/v1/operations/aW5jbHVzaXZlLXRlc3QvdXMtY2VudHJhbDEvcmFuZG9tTnVtYmVyQ2FsbC8wQ0R5dlBCNENINA 200
[debug] [2021-12-03T23:30:43.354Z] <<< [apiv2][body] GET https://cloudfunctions.googleapis.com/v1/operations/aW5jbHVzaXZlLXRlc3QvdXMtY2VudHJhbDEvcmFuZG9tTnVtYmVyQ2FsbC8wQ0R5dlBCNENINA {"name":"operations/aW5jbHVzaXZlLXRlc3QvdXMtY2VudHJhbDEvcmFuZG9tTnVtYmVyQ2FsbC8wQ0R5dlBCNENINA","metadata":{"@type":"type.googleapis.com/google.cloud.functions.v1.OperationMetadataV1","target":"projects/inclusive-test/locations/us-central1/functions/randomNumberCall","type":"UPDATE_FUNCTION","request":{"@type":"type.googleapis.com/google.cloud.functions.v1.CloudFunction","name":"projects/inclusive-test/locations/us-central1/functions/randomNumberCall","httpsTrigger":{},"status":"ACTIVE","entryPoint":"randomNumberCall","timeout":"60s","availableMemoryMb":256,"serviceAccountEmail":"inclusive-test@appspot.gserviceaccount.com","updateTime":"2021-12-03T22:37:57.587Z","versionId":"12","labels":{"deployment-callable":"true","deployment-tool":"cli-firebase"},"sourceUploadUrl":"https://storage.googleapis.com/gcf-upload-us-central1-6e0ca099-f9fd-4e6c-a4d1-cf974fefc29a/a5348313-4e54-4a7e-8fc0-8e84b327679b.zip?GoogleAccessId=service-441293072662@gcf-admin-robot.iam.gserviceaccount.com&Expires=1638576085&Signature=TKnWsN9ErsESxgKg7jfVol5ixGk5Xa%2B3cN4JLWn7kh74gtZtXjfxgl6wSKL7dBucUhWzyoymjB0mCtL6W%2BfPAxodea5FvP4Fh9xTHvV7wIYpK77DF8%2FkPJ9qTEeUBmufncSFywL%2BYnWmGowNbNF%2FcCod3rPWHodsmCgDJdv91a1XVmASwOW7RZXCb%2BzxN9FUish%2B18ukGKdtK0so%2F0aeiOIsUqFHvdsBcUB%2BMa8Ig89fESzOcFrOYIjrl2YOc3AIZIzQ5E1dyj7pA4RnsZ0%2BAs3i8bvwK0NMLWVD4nfMV17xbpIpkqt73k%2BWmwtG6Hxr%2B4ZMD842giqq%2F0%2BseFmXaA%3D%3D","environmentVariables":{"FIREBASE_CONFIG":"{\"projectId\":\"inclusive-test\",\"databaseURL\":\"https://inclusive-test.firebaseio.com\",\"storageBucket\":\"inclusive-test.appspot.com\",\"locationId\":\"europe-west\"}","GCLOUD_PROJECT":"inclusive-test"},"runtime":"nodejs10","ingressSettings":"ALLOW_ALL","buildId":"9b764fcb-c750-4026-98d4-ec6a19a636a6","buildName":"projects/441293072662/locations/us-central1/builds/9b764fcb-c750-4026-98d4-ec6a19a636a6"},"versionId":"13","updateTime":"2021-12-03T23:31:30Z","buildId":"e5a6a2d5-12e8-4235-8baf-37d3c2ece74d","buildName":"projects/441293072662/locations/us-central1/builds/e5a6a2d5-12e8-4235-8baf-37d3c2ece74d"}}
[debug] [2021-12-03T23:30:47.355Z] [update-us-central1-randomNumberCall] Retrying task index 0
[debug] [2021-12-03T23:30:47.355Z] >>> [apiv2][query] GET https://cloudfunctions.googleapis.com/v1/operations/aW5jbHVzaXZlLXRlc3QvdXMtY2VudHJhbDEvcmFuZG9tTnVtYmVyQ2FsbC8wQ0R5dlBCNENINA [none]
[debug] [2021-12-03T23:30:47.727Z] <<< [apiv2][status] GET https://cloudfunctions.googleapis.com/v1/operations/aW5jbHVzaXZlLXRlc3QvdXMtY2VudHJhbDEvcmFuZG9tTnVtYmVyQ2FsbC8wQ0R5dlBCNENINA 200
[debug] [2021-12-03T23:30:47.728Z] <<< [apiv2][body] GET https://cloudfunctions.googleapis.com/v1/operations/aW5jbHVzaXZlLXRlc3QvdXMtY2VudHJhbDEvcmFuZG9tTnVtYmVyQ2FsbC8wQ0R5dlBCNENINA {"name":"operations/aW5jbHVzaXZlLXRlc3QvdXMtY2VudHJhbDEvcmFuZG9tTnVtYmVyQ2FsbC8wQ0R5dlBCNENINA","metadata":{"@type":"type.googleapis.com/google.cloud.functions.v1.OperationMetadataV1","target":"projects/inclusive-test/locations/us-central1/functions/randomNumberCall","type":"UPDATE_FUNCTION","request":{"@type":"type.googleapis.com/google.cloud.functions.v1.CloudFunction","name":"projects/inclusive-test/locations/us-central1/functions/randomNumberCall","httpsTrigger":{},"status":"ACTIVE","entryPoint":"randomNumberCall","timeout":"60s","availableMemoryMb":256,"serviceAccountEmail":"inclusive-test@appspot.gserviceaccount.com","updateTime":"2021-12-03T22:37:57.587Z","versionId":"12","labels":{"deployment-callable":"true","deployment-tool":"cli-firebase"},"sourceUploadUrl":"https://storage.googleapis.com/gcf-upload-us-central1-6e0ca099-f9fd-4e6c-a4d1-cf974fefc29a/a5348313-4e54-4a7e-8fc0-8e84b327679b.zip?GoogleAccessId=service-441293072662@gcf-admin-robot.iam.gserviceaccount.com&Expires=1638576085&Signature=TKnWsN9ErsESxgKg7jfVol5ixGk5Xa%2B3cN4JLWn7kh74gtZtXjfxgl6wSKL7dBucUhWzyoymjB0mCtL6W%2BfPAxodea5FvP4Fh9xTHvV7wIYpK77DF8%2FkPJ9qTEeUBmufncSFywL%2BYnWmGowNbNF%2FcCod3rPWHodsmCgDJdv91a1XVmASwOW7RZXCb%2BzxN9FUish%2B18ukGKdtK0so%2F0aeiOIsUqFHvdsBcUB%2BMa8Ig89fESzOcFrOYIjrl2YOc3AIZIzQ5E1dyj7pA4RnsZ0%2BAs3i8bvwK0NMLWVD4nfMV17xbpIpkqt73k%2BWmwtG6Hxr%2B4ZMD842giqq%2F0%2BseFmXaA%3D%3D","environmentVariables":{"FIREBASE_CONFIG":"{\"projectId\":\"inclusive-test\",\"databaseURL\":\"https://inclusive-test.firebaseio.com\",\"storageBucket\":\"inclusive-test.appspot.com\",\"locationId\":\"europe-west\"}","GCLOUD_PROJECT":"inclusive-test"},"runtime":"nodejs10","ingressSettings":"ALLOW_ALL","buildId":"9b764fcb-c750-4026-98d4-ec6a19a636a6","buildName":"projects/441293072662/locations/us-central1/builds/9b764fcb-c750-4026-98d4-ec6a19a636a6"},"versionId":"13","updateTime":"2021-12-03T23:31:30Z","buildId":"e5a6a2d5-12e8-4235-8baf-37d3c2ece74d","buildName":"projects/441293072662/locations/us-central1/builds/e5a6a2d5-12e8-4235-8baf-37d3c2ece74d"}}
[debug] [2021-12-03T23:30:55.729Z] [update-us-central1-randomNumberCall] Retrying task index 0
[debug] [2021-12-03T23:30:55.729Z] >>> [apiv2][query] GET https://cloudfunctions.googleapis.com/v1/operations/aW5jbHVzaXZlLXRlc3QvdXMtY2VudHJhbDEvcmFuZG9tTnVtYmVyQ2FsbC8wQ0R5dlBCNENINA [none]
[debug] [2021-12-03T23:30:56.214Z] <<< [apiv2][status] GET https://cloudfunctions.googleapis.com/v1/operations/aW5jbHVzaXZlLXRlc3QvdXMtY2VudHJhbDEvcmFuZG9tTnVtYmVyQ2FsbC8wQ0R5dlBCNENINA 200
[debug] [2021-12-03T23:30:56.214Z] <<< [apiv2][body] GET https://cloudfunctions.googleapis.com/v1/operations/aW5jbHVzaXZlLXRlc3QvdXMtY2VudHJhbDEvcmFuZG9tTnVtYmVyQ2FsbC8wQ0R5dlBCNENINA {"name":"operations/aW5jbHVzaXZlLXRlc3QvdXMtY2VudHJhbDEvcmFuZG9tTnVtYmVyQ2FsbC8wQ0R5dlBCNENINA","metadata":{"@type":"type.googleapis.com/google.cloud.functions.v1.OperationMetadataV1","target":"projects/inclusive-test/locations/us-central1/functions/randomNumberCall","type":"UPDATE_FUNCTION","request":{"@type":"type.googleapis.com/google.cloud.functions.v1.CloudFunction","name":"projects/inclusive-test/locations/us-central1/functions/randomNumberCall","httpsTrigger":{},"status":"ACTIVE","entryPoint":"randomNumberCall","timeout":"60s","availableMemoryMb":256,"serviceAccountEmail":"inclusive-test@appspot.gserviceaccount.com","updateTime":"2021-12-03T22:37:57.587Z","versionId":"12","labels":{"deployment-callable":"true","deployment-tool":"cli-firebase"},"sourceUploadUrl":"https://storage.googleapis.com/gcf-upload-us-central1-6e0ca099-f9fd-4e6c-a4d1-cf974fefc29a/a5348313-4e54-4a7e-8fc0-8e84b327679b.zip?GoogleAccessId=service-441293072662@gcf-admin-robot.iam.gserviceaccount.com&Expires=1638576085&Signature=TKnWsN9ErsESxgKg7jfVol5ixGk5Xa%2B3cN4JLWn7kh74gtZtXjfxgl6wSKL7dBucUhWzyoymjB0mCtL6W%2BfPAxodea5FvP4Fh9xTHvV7wIYpK77DF8%2FkPJ9qTEeUBmufncSFywL%2BYnWmGowNbNF%2FcCod3rPWHodsmCgDJdv91a1XVmASwOW7RZXCb%2BzxN9FUish%2B18ukGKdtK0so%2F0aeiOIsUqFHvdsBcUB%2BMa8Ig89fESzOcFrOYIjrl2YOc3AIZIzQ5E1dyj7pA4RnsZ0%2BAs3i8bvwK0NMLWVD4nfMV17xbpIpkqt73k%2BWmwtG6Hxr%2B4ZMD842giqq%2F0%2BseFmXaA%3D%3D","environmentVariables":{"FIREBASE_CONFIG":"{\"projectId\":\"inclusive-test\",\"databaseURL\":\"https://inclusive-test.firebaseio.com\",\"storageBucket\":\"inclusive-test.appspot.com\",\"locationId\":\"europe-west\"}","GCLOUD_PROJECT":"inclusive-test"},"runtime":"nodejs10","ingressSettings":"ALLOW_ALL","buildId":"9b764fcb-c750-4026-98d4-ec6a19a636a6","buildName":"projects/441293072662/locations/us-central1/builds/9b764fcb-c750-4026-98d4-ec6a19a636a6"},"versionId":"13","updateTime":"2021-12-03T23:31:30Z","buildId":"e5a6a2d5-12e8-4235-8baf-37d3c2ece74d","buildName":"projects/441293072662/locations/us-central1/builds/e5a6a2d5-12e8-4235-8baf-37d3c2ece74d"}}
[debug] [2021-12-03T23:31:06.214Z] [update-us-central1-randomNumberCall] Retrying task index 0
[debug] [2021-12-03T23:31:06.215Z] >>> [apiv2][query] GET https://cloudfunctions.googleapis.com/v1/operations/aW5jbHVzaXZlLXRlc3QvdXMtY2VudHJhbDEvcmFuZG9tTnVtYmVyQ2FsbC8wQ0R5dlBCNENINA [none]
[debug] [2021-12-03T23:31:06.688Z] <<< [apiv2][status] GET https://cloudfunctions.googleapis.com/v1/operations/aW5jbHVzaXZlLXRlc3QvdXMtY2VudHJhbDEvcmFuZG9tTnVtYmVyQ2FsbC8wQ0R5dlBCNENINA 200
[debug] [2021-12-03T23:31:06.688Z] <<< [apiv2][body] GET https://cloudfunctions.googleapis.com/v1/operations/aW5jbHVzaXZlLXRlc3QvdXMtY2VudHJhbDEvcmFuZG9tTnVtYmVyQ2FsbC8wQ0R5dlBCNENINA {"name":"operations/aW5jbHVzaXZlLXRlc3QvdXMtY2VudHJhbDEvcmFuZG9tTnVtYmVyQ2FsbC8wQ0R5dlBCNENINA","metadata":{"@type":"type.googleapis.com/google.cloud.functions.v1.OperationMetadataV1","target":"projects/inclusive-test/locations/us-central1/functions/randomNumberCall","type":"UPDATE_FUNCTION","request":{"@type":"type.googleapis.com/google.cloud.functions.v1.CloudFunction","name":"projects/inclusive-test/locations/us-central1/functions/randomNumberCall","httpsTrigger":{},"status":"ACTIVE","entryPoint":"randomNumberCall","timeout":"60s","availableMemoryMb":256,"serviceAccountEmail":"inclusive-test@appspot.gserviceaccount.com","updateTime":"2021-12-03T22:37:57.587Z","versionId":"12","labels":{"deployment-callable":"true","deployment-tool":"cli-firebase"},"sourceUploadUrl":"https://storage.googleapis.com/gcf-upload-us-central1-6e0ca099-f9fd-4e6c-a4d1-cf974fefc29a/a5348313-4e54-4a7e-8fc0-8e84b327679b.zip?GoogleAccessId=service-441293072662@gcf-admin-robot.iam.gserviceaccount.com&Expires=1638576085&Signature=TKnWsN9ErsESxgKg7jfVol5ixGk5Xa%2B3cN4JLWn7kh74gtZtXjfxgl6wSKL7dBucUhWzyoymjB0mCtL6W%2BfPAxodea5FvP4Fh9xTHvV7wIYpK77DF8%2FkPJ9qTEeUBmufncSFywL%2BYnWmGowNbNF%2FcCod3rPWHodsmCgDJdv91a1XVmASwOW7RZXCb%2BzxN9FUish%2B18ukGKdtK0so%2F0aeiOIsUqFHvdsBcUB%2BMa8Ig89fESzOcFrOYIjrl2YOc3AIZIzQ5E1dyj7pA4RnsZ0%2BAs3i8bvwK0NMLWVD4nfMV17xbpIpkqt73k%2BWmwtG6Hxr%2B4ZMD842giqq%2F0%2BseFmXaA%3D%3D","environmentVariables":{"FIREBASE_CONFIG":"{\"projectId\":\"inclusive-test\",\"databaseURL\":\"https://inclusive-test.firebaseio.com\",\"storageBucket\":\"inclusive-test.appspot.com\",\"locationId\":\"europe-west\"}","GCLOUD_PROJECT":"inclusive-test"},"runtime":"nodejs10","ingressSettings":"ALLOW_ALL","buildId":"9b764fcb-c750-4026-98d4-ec6a19a636a6","buildName":"projects/441293072662/locations/us-central1/builds/9b764fcb-c750-4026-98d4-ec6a19a636a6"},"versionId":"13","updateTime":"2021-12-03T23:31:30Z","buildId":"e5a6a2d5-12e8-4235-8baf-37d3c2ece74d","buildName":"projects/441293072662/locations/us-central1/builds/e5a6a2d5-12e8-4235-8baf-37d3c2ece74d"}}
[debug] [2021-12-03T23:31:16.688Z] [update-us-central1-randomNumberCall] Retrying task index 0
[debug] [2021-12-03T23:31:16.688Z] >>> [apiv2][query] GET https://cloudfunctions.googleapis.com/v1/operations/aW5jbHVzaXZlLXRlc3QvdXMtY2VudHJhbDEvcmFuZG9tTnVtYmVyQ2FsbC8wQ0R5dlBCNENINA [none]
[debug] [2021-12-03T23:31:17.158Z] <<< [apiv2][status] GET https://cloudfunctions.googleapis.com/v1/operations/aW5jbHVzaXZlLXRlc3QvdXMtY2VudHJhbDEvcmFuZG9tTnVtYmVyQ2FsbC8wQ0R5dlBCNENINA 200
[debug] [2021-12-03T23:31:17.158Z] <<< [apiv2][body] GET https://cloudfunctions.googleapis.com/v1/operations/aW5jbHVzaXZlLXRlc3QvdXMtY2VudHJhbDEvcmFuZG9tTnVtYmVyQ2FsbC8wQ0R5dlBCNENINA {"name":"operations/aW5jbHVzaXZlLXRlc3QvdXMtY2VudHJhbDEvcmFuZG9tTnVtYmVyQ2FsbC8wQ0R5dlBCNENINA","metadata":{"@type":"type.googleapis.com/google.cloud.functions.v1.OperationMetadataV1","target":"projects/inclusive-test/locations/us-central1/functions/randomNumberCall","type":"UPDATE_FUNCTION","request":{"@type":"type.googleapis.com/google.cloud.functions.v1.CloudFunction","name":"projects/inclusive-test/locations/us-central1/functions/randomNumberCall","httpsTrigger":{},"status":"ACTIVE","entryPoint":"randomNumberCall","timeout":"60s","availableMemoryMb":256,"serviceAccountEmail":"inclusive-test@appspot.gserviceaccount.com","updateTime":"2021-12-03T22:37:57.587Z","versionId":"12","labels":{"deployment-callable":"true","deployment-tool":"cli-firebase"},"sourceUploadUrl":"https://storage.googleapis.com/gcf-upload-us-central1-6e0ca099-f9fd-4e6c-a4d1-cf974fefc29a/a5348313-4e54-4a7e-8fc0-8e84b327679b.zip?GoogleAccessId=service-441293072662@gcf-admin-robot.iam.gserviceaccount.com&Expires=1638576085&Signature=TKnWsN9ErsESxgKg7jfVol5ixGk5Xa%2B3cN4JLWn7kh74gtZtXjfxgl6wSKL7dBucUhWzyoymjB0mCtL6W%2BfPAxodea5FvP4Fh9xTHvV7wIYpK77DF8%2FkPJ9qTEeUBmufncSFywL%2BYnWmGowNbNF%2FcCod3rPWHodsmCgDJdv91a1XVmASwOW7RZXCb%2BzxN9FUish%2B18ukGKdtK0so%2F0aeiOIsUqFHvdsBcUB%2BMa8Ig89fESzOcFrOYIjrl2YOc3AIZIzQ5E1dyj7pA4RnsZ0%2BAs3i8bvwK0NMLWVD4nfMV17xbpIpkqt73k%2BWmwtG6Hxr%2B4ZMD842giqq%2F0%2BseFmXaA%3D%3D","environmentVariables":{"FIREBASE_CONFIG":"{\"projectId\":\"inclusive-test\",\"databaseURL\":\"https://inclusive-test.firebaseio.com\",\"storageBucket\":\"inclusive-test.appspot.com\",\"locationId\":\"europe-west\"}","GCLOUD_PROJECT":"inclusive-test"},"runtime":"nodejs10","ingressSettings":"ALLOW_ALL","buildId":"9b764fcb-c750-4026-98d4-ec6a19a636a6","buildName":"projects/441293072662/locations/us-central1/builds/9b764fcb-c750-4026-98d4-ec6a19a636a6"},"versionId":"13","updateTime":"2021-12-03T23:31:30Z","buildId":"e5a6a2d5-12e8-4235-8baf-37d3c2ece74d","buildName":"projects/441293072662/locations/us-central1/builds/e5a6a2d5-12e8-4235-8baf-37d3c2ece74d"}}
[debug] [2021-12-03T23:31:27.159Z] [update-us-central1-randomNumberCall] Retrying task index 0
[debug] [2021-12-03T23:31:27.161Z] >>> [apiv2][query] GET https://cloudfunctions.googleapis.com/v1/operations/aW5jbHVzaXZlLXRlc3QvdXMtY2VudHJhbDEvcmFuZG9tTnVtYmVyQ2FsbC8wQ0R5dlBCNENINA [none]
[debug] [2021-12-03T23:31:27.642Z] <<< [apiv2][status] GET https://cloudfunctions.googleapis.com/v1/operations/aW5jbHVzaXZlLXRlc3QvdXMtY2VudHJhbDEvcmFuZG9tTnVtYmVyQ2FsbC8wQ0R5dlBCNENINA 200
[debug] [2021-12-03T23:31:27.642Z] <<< [apiv2][body] GET https://cloudfunctions.googleapis.com/v1/operations/aW5jbHVzaXZlLXRlc3QvdXMtY2VudHJhbDEvcmFuZG9tTnVtYmVyQ2FsbC8wQ0R5dlBCNENINA {"name":"operations/aW5jbHVzaXZlLXRlc3QvdXMtY2VudHJhbDEvcmFuZG9tTnVtYmVyQ2FsbC8wQ0R5dlBCNENINA","metadata":{"@type":"type.googleapis.com/google.cloud.functions.v1.OperationMetadataV1","target":"projects/inclusive-test/locations/us-central1/functions/randomNumberCall","type":"UPDATE_FUNCTION","request":{"@type":"type.googleapis.com/google.cloud.functions.v1.CloudFunction","name":"projects/inclusive-test/locations/us-central1/functions/randomNumberCall","httpsTrigger":{},"status":"ACTIVE","entryPoint":"randomNumberCall","timeout":"60s","availableMemoryMb":256,"serviceAccountEmail":"inclusive-test@appspot.gserviceaccount.com","updateTime":"2021-12-03T22:37:57.587Z","versionId":"12","labels":{"deployment-callable":"true","deployment-tool":"cli-firebase"},"sourceUploadUrl":"https://storage.googleapis.com/gcf-upload-us-central1-6e0ca099-f9fd-4e6c-a4d1-cf974fefc29a/a5348313-4e54-4a7e-8fc0-8e84b327679b.zip?GoogleAccessId=service-441293072662@gcf-admin-robot.iam.gserviceaccount.com&Expires=1638576085&Signature=TKnWsN9ErsESxgKg7jfVol5ixGk5Xa%2B3cN4JLWn7kh74gtZtXjfxgl6wSKL7dBucUhWzyoymjB0mCtL6W%2BfPAxodea5FvP4Fh9xTHvV7wIYpK77DF8%2FkPJ9qTEeUBmufncSFywL%2BYnWmGowNbNF%2FcCod3rPWHodsmCgDJdv91a1XVmASwOW7RZXCb%2BzxN9FUish%2B18ukGKdtK0so%2F0aeiOIsUqFHvdsBcUB%2BMa8Ig89fESzOcFrOYIjrl2YOc3AIZIzQ5E1dyj7pA4RnsZ0%2BAs3i8bvwK0NMLWVD4nfMV17xbpIpkqt73k%2BWmwtG6Hxr%2B4ZMD842giqq%2F0%2BseFmXaA%3D%3D","environmentVariables":{"FIREBASE_CONFIG":"{\"projectId\":\"inclusive-test\",\"databaseURL\":\"https://inclusive-test.firebaseio.com\",\"storageBucket\":\"inclusive-test.appspot.com\",\"locationId\":\"europe-west\"}","GCLOUD_PROJECT":"inclusive-test"},"runtime":"nodejs10","ingressSettings":"ALLOW_ALL","buildId":"9b764fcb-c750-4026-98d4-ec6a19a636a6","buildName":"projects/441293072662/locations/us-central1/builds/9b764fcb-c750-4026-98d4-ec6a19a636a6"},"versionId":"13","updateTime":"2021-12-03T23:31:30Z","buildId":"e5a6a2d5-12e8-4235-8baf-37d3c2ece74d","buildName":"projects/441293072662/locations/us-central1/builds/e5a6a2d5-12e8-4235-8baf-37d3c2ece74d"}}
